{
  "stats": {
    "suites": 7,
    "tests": 17,
    "passes": 17,
    "pending": 0,
    "failures": 0,
    "start": "2022-01-02T02:49:30.745Z",
    "end": "2022-01-02T02:49:34.057Z",
    "duration": 3312,
    "testsRegistered": 17,
    "passPercent": 100,
    "pendingPercent": 0,
    "other": 0,
    "hasOther": false,
    "skipped": 0,
    "hasSkipped": false
  },
  "results": [
    {
      "uuid": "e6a817a1-aef9-4764-ae69-0b1f30b0ed53",
      "title": "",
      "fullFile": "cypress/integration/project.spec.js",
      "file": "cypress/integration/project.spec.js",
      "beforeHooks": [],
      "afterHooks": [],
      "tests": [],
      "suites": [
        {
          "uuid": "7b8f7a26-a47e-48fe-8615-8c39a0be4091",
          "title": "1 - Adicione no seu site um título com o nome do seu jogo",
          "fullFile": "",
          "file": "",
          "beforeHooks": [],
          "afterHooks": [],
          "tests": [
            {
              "title": "Será verificado se o **id** do título é `title`",
              "fullTitle": "1 - Adicione no seu site um título com o nome do seu jogo Será verificado se o **id** do título é `title`",
              "timedOut": null,
              "duration": 179,
              "state": "passed",
              "speed": "slow",
              "pass": true,
              "fail": false,
              "pending": false,
              "context": null,
              "code": "cy.get('#title').invoke('text').should('not.be.empty');",
              "err": {},
              "uuid": "e32bd22e-c6c2-4026-a9b4-97e7a06daa02",
              "parentUUID": "7b8f7a26-a47e-48fe-8615-8c39a0be4091",
              "isHook": false,
              "skipped": false
            }
          ],
          "suites": [],
          "passes": [
            "e32bd22e-c6c2-4026-a9b4-97e7a06daa02"
          ],
          "failures": [],
          "pending": [],
          "skipped": [],
          "duration": 179,
          "root": false,
          "rootEmpty": false,
          "_timeout": 2000
        },
        {
          "uuid": "3d687a1e-256c-4701-971a-1580dc3d971b",
          "title": "2 - Adicione um texto com o código RGB a ser adivinhado",
          "fullFile": "",
          "file": "",
          "beforeHooks": [],
          "afterHooks": [],
          "tests": [
            {
              "title": "Será verificado se o seu id deve ser rgb-color",
              "fullTitle": "2 - Adicione um texto com o código RGB a ser adivinhado Será verificado se o seu id deve ser rgb-color",
              "timedOut": null,
              "duration": 68,
              "state": "passed",
              "speed": "medium",
              "pass": true,
              "fail": false,
              "pending": false,
              "context": null,
              "code": "cy.get('#rgb-color').should('exist');",
              "err": {},
              "uuid": "795d7018-b416-440e-ba37-1fb17dfe84a7",
              "parentUUID": "3d687a1e-256c-4701-971a-1580dc3d971b",
              "isHook": false,
              "skipped": false
            },
            {
              "title": "Será verificado se o texto deve conter os três números das cores RGB a ser adivinhada, no seguinte formato: `(168, 34, 1)`",
              "fullTitle": "2 - Adicione um texto com o código RGB a ser adivinhado Será verificado se o texto deve conter os três números das cores RGB a ser adivinhada, no seguinte formato: `(168, 34, 1)`",
              "timedOut": null,
              "duration": 81,
              "state": "passed",
              "speed": "slow",
              "pass": true,
              "fail": false,
              "pending": false,
              "context": null,
              "code": "var rgbTextRegex = /\\((\\s*\\d{1,3}\\s*,){2}\\s*\\d{1,3}\\s*\\)/;\ncy.get('#rgb-color').invoke('text').should('match', rgbTextRegex);",
              "err": {},
              "uuid": "7fd5287e-e73d-4854-bbfd-2395f5cd50f4",
              "parentUUID": "3d687a1e-256c-4701-971a-1580dc3d971b",
              "isHook": false,
              "skipped": false
            }
          ],
          "suites": [],
          "passes": [
            "795d7018-b416-440e-ba37-1fb17dfe84a7",
            "7fd5287e-e73d-4854-bbfd-2395f5cd50f4"
          ],
          "failures": [],
          "pending": [],
          "skipped": [],
          "duration": 149,
          "root": false,
          "rootEmpty": false,
          "_timeout": 2000
        },
        {
          "uuid": "9ee587ff-029a-4d97-8861-2eaf76d3574c",
          "title": "3 - Adicione a página opções de cores para serem adivinhadas",
          "fullFile": "",
          "file": "",
          "beforeHooks": [],
          "afterHooks": [],
          "tests": [
            {
              "title": "Será verificado que deve conter 6 circulos como opção de cor de adivinhação",
              "fullTitle": "3 - Adicione a página opções de cores para serem adivinhadas Será verificado que deve conter 6 circulos como opção de cor de adivinhação",
              "timedOut": null,
              "duration": 90,
              "state": "passed",
              "speed": "slow",
              "pass": true,
              "fail": false,
              "pending": false,
              "context": null,
              "code": "cy.get('.ball').should('have.length', 6).each(function (ball) {\n  expect(ball.height()).to.equal(ball.width());\n  expect(ball.css('border-radius')).not.to.be.empty;\n});",
              "err": {},
              "uuid": "44870e2c-b497-45d0-8ef9-7ba37a9c279c",
              "parentUUID": "9ee587ff-029a-4d97-8861-2eaf76d3574c",
              "isHook": false,
              "skipped": false
            },
            {
              "title": "Será verificado que a class de todos os circulos deve ser ball",
              "fullTitle": "3 - Adicione a página opções de cores para serem adivinhadas Será verificado que a class de todos os circulos deve ser ball",
              "timedOut": null,
              "duration": 91,
              "state": "passed",
              "speed": "slow",
              "pass": true,
              "fail": false,
              "pending": false,
              "context": null,
              "code": "cy.get('.ball').should('exist');",
              "err": {},
              "uuid": "f751fde3-f417-4e28-b81e-0bb72ed6d79e",
              "parentUUID": "9ee587ff-029a-4d97-8861-2eaf76d3574c",
              "isHook": false,
              "skipped": false
            }
          ],
          "suites": [],
          "passes": [
            "44870e2c-b497-45d0-8ef9-7ba37a9c279c",
            "f751fde3-f417-4e28-b81e-0bb72ed6d79e"
          ],
          "failures": [],
          "pending": [],
          "skipped": [],
          "duration": 181,
          "root": false,
          "rootEmpty": false,
          "_timeout": 2000
        },
        {
          "uuid": "a0c4e33c-b421-4900-8f99-62599ea68675",
          "title": "4 - Adicione cores nas bolas elas devem ser geradas dinâmicamente",
          "fullFile": "",
          "file": "",
          "beforeHooks": [],
          "afterHooks": [],
          "tests": [
            {
              "title": "Será verificado que ao carregar a página, as cores de cada um dos 6 circulos coloridos deve ser geradas via JavaScript",
              "fullTitle": "4 - Adicione cores nas bolas elas devem ser geradas dinâmicamente Será verificado que ao carregar a página, as cores de cada um dos 6 circulos coloridos deve ser geradas via JavaScript",
              "timedOut": null,
              "duration": 414,
              "state": "passed",
              "speed": "slow",
              "pass": true,
              "fail": false,
              "pending": false,
              "context": null,
              "code": "var currentBallColors;\nvar previousBallColors;\ncy.get('.ball').then(function (balls) {\n  previousBallColors = Array.from(balls).map(function (ball) {\n    return Cypress.$(ball).css('background-color');\n  });\n  for (var i = 0; i < 5; i += 1) {\n    cy.reload();\n    cy.get('.ball').should(function (balls) {\n      currentBallColors = Array.from(balls).map(function (ball) {\n        return Cypress.$(ball).css('background-color');\n      });\n      expect(currentBallColors).not.to.deep.equal(previousBallColors);\n      previousBallColors = currentBallColors;\n    });\n  }\n});",
              "err": {},
              "uuid": "eaef27b9-d1e5-4b9d-8956-cd428838e905",
              "parentUUID": "a0c4e33c-b421-4900-8f99-62599ea68675",
              "isHook": false,
              "skipped": false
            }
          ],
          "suites": [],
          "passes": [
            "eaef27b9-d1e5-4b9d-8956-cd428838e905"
          ],
          "failures": [],
          "pending": [],
          "skipped": [],
          "duration": 414,
          "root": false,
          "rootEmpty": false,
          "_timeout": 2000
        },
        {
          "uuid": "f37516e8-3061-453d-ba66-168adc3071f7",
          "title": "5 - Clicar em um circulo colorido, deve ser mostrado um texto indicando se está correto",
          "fullFile": "",
          "file": "",
          "beforeHooks": [],
          "afterHooks": [],
          "tests": [
            {
              "title": "Será verificado que o seu **id** do elemento deve ser `answer`",
              "fullTitle": "5 - Clicar em um circulo colorido, deve ser mostrado um texto indicando se está correto Será verificado que o seu **id** do elemento deve ser `answer`",
              "timedOut": null,
              "duration": 77,
              "state": "passed",
              "speed": "slow",
              "pass": true,
              "fail": false,
              "pending": false,
              "context": null,
              "code": "cy.get('#answer').should('exist');",
              "err": {},
              "uuid": "d84dfd43-b680-499b-bc2a-5e8c8a6940ad",
              "parentUUID": "f37516e8-3061-453d-ba66-168adc3071f7",
              "isHook": false,
              "skipped": false
            },
            {
              "title": "Será verificado que quando o jogo é iniciado, o texto exibido deve ser `\"Escolha uma cor\"`",
              "fullTitle": "5 - Clicar em um circulo colorido, deve ser mostrado um texto indicando se está correto Será verificado que quando o jogo é iniciado, o texto exibido deve ser `\"Escolha uma cor\"`",
              "timedOut": null,
              "duration": 60,
              "state": "passed",
              "speed": "medium",
              "pass": true,
              "fail": false,
              "pending": false,
              "context": null,
              "code": "cy.get('#answer').invoke('text').should('match', /Escolha uma cor/);",
              "err": {},
              "uuid": "9e48ff3f-90a0-40fa-b823-f4b42eb5d55e",
              "parentUUID": "f37516e8-3061-453d-ba66-168adc3071f7",
              "isHook": false,
              "skipped": false
            },
            {
              "title": "Será verificado se o circulo colorido for o **correto**, deve ser exibido o texto \"Acertou!\"",
              "fullTitle": "5 - Clicar em um circulo colorido, deve ser mostrado um texto indicando se está correto Será verificado se o circulo colorido for o **correto**, deve ser exibido o texto \"Acertou!\"",
              "timedOut": null,
              "duration": 144,
              "state": "passed",
              "speed": "slow",
              "pass": true,
              "fail": false,
              "pending": false,
              "context": null,
              "code": "(0, _actionBase.rightBall)().click();\ncy.get('#answer').invoke('text').should('match', /Acertou!/);",
              "err": {},
              "uuid": "49b52363-aab4-4105-804b-c1137287372f",
              "parentUUID": "f37516e8-3061-453d-ba66-168adc3071f7",
              "isHook": false,
              "skipped": false
            },
            {
              "title": "Será verificado se o circulo colorido for o **incorreta**, deve ser exibido o texto \"Errou! Tente novamente!\"",
              "fullTitle": "5 - Clicar em um circulo colorido, deve ser mostrado um texto indicando se está correto Será verificado se o circulo colorido for o **incorreta**, deve ser exibido o texto \"Errou! Tente novamente!\"",
              "timedOut": null,
              "duration": 141,
              "state": "passed",
              "speed": "slow",
              "pass": true,
              "fail": false,
              "pending": false,
              "context": null,
              "code": "(0, _actionBase.wrongBall)().click();\ncy.get('#answer').invoke('text').should('match', /Errou! Tente novamente/);",
              "err": {},
              "uuid": "f653c08c-13e5-4754-be00-068dc249c56f",
              "parentUUID": "f37516e8-3061-453d-ba66-168adc3071f7",
              "isHook": false,
              "skipped": false
            }
          ],
          "suites": [],
          "passes": [
            "d84dfd43-b680-499b-bc2a-5e8c8a6940ad",
            "9e48ff3f-90a0-40fa-b823-f4b42eb5d55e",
            "49b52363-aab4-4105-804b-c1137287372f",
            "f653c08c-13e5-4754-be00-068dc249c56f"
          ],
          "failures": [],
          "pending": [],
          "skipped": [],
          "duration": 422,
          "root": false,
          "rootEmpty": false,
          "_timeout": 2000
        },
        {
          "uuid": "2cb53083-d89a-42c4-89de-212e9c6d91d7",
          "title": "6 - Crie um botão para iniciar/reiniciar o jogo",
          "fullFile": "",
          "file": "",
          "beforeHooks": [],
          "afterHooks": [],
          "tests": [
            {
              "title": "Será verificado que o botão deve ter o id reset-game",
              "fullTitle": "6 - Crie um botão para iniciar/reiniciar o jogo Será verificado que o botão deve ter o id reset-game",
              "timedOut": null,
              "duration": 67,
              "state": "passed",
              "speed": "medium",
              "pass": true,
              "fail": false,
              "pending": false,
              "context": null,
              "code": "cy.get('#reset-game').should('exist');",
              "err": {},
              "uuid": "66faa2e6-0d13-4036-8156-0686c6ea3548",
              "parentUUID": "2cb53083-d89a-42c4-89de-212e9c6d91d7",
              "isHook": false,
              "skipped": false
            },
            {
              "title": "Será verificado que ao clicar no botão, novas cores devem ser geradas via JavaScript e o elemento rgb-color deve ser atualizado",
              "fullTitle": "6 - Crie um botão para iniciar/reiniciar o jogo Será verificado que ao clicar no botão, novas cores devem ser geradas via JavaScript e o elemento rgb-color deve ser atualizado",
              "timedOut": null,
              "duration": 560,
              "state": "passed",
              "speed": "slow",
              "pass": true,
              "fail": false,
              "pending": false,
              "context": null,
              "code": "var currentRGBColor;\nvar previousRGBColor;\nvar currentBallColors;\nvar previousBallColors;\ncy.get('#rgb-color').then(function (rgbColor) {\n  previousRGBColor = rgbColor.text();\n  cy.get('.ball').then(function (balls) {\n    previousBallColors = Array.from(balls).map(function (ball) {\n      return Cypress.$(ball).css('background-color');\n    });\n    for (var i = 0; i < 5; i += 1) {\n      cy.get('#reset-game').click();\n      cy.get('#rgb-color').should(function (foo) {\n        currentRGBColor = foo.text();\n        expect(currentRGBColor).not.to.equal(previousRGBColor);\n        previousRGBColor = currentRGBColor;\n      });\n      cy.get('.ball').should(function (balls) {\n        currentBallColors = Array.from(balls).map(function (ball) {\n          return Cypress.$(ball).css('background-color');\n        });\n        expect(currentBallColors).not.to.deep.equal(previousBallColors);\n        previousBallColors = currentBallColors;\n      });\n    }\n  });\n});",
              "err": {},
              "uuid": "3289f70c-5b90-44fa-b439-4c813d098d28",
              "parentUUID": "2cb53083-d89a-42c4-89de-212e9c6d91d7",
              "isHook": false,
              "skipped": false
            },
            {
              "title": "Será verificado que ao clicar no botão, o elemento answer deve voltar ao estado inicial, exibindo o texto \"Escolha uma cor\"",
              "fullTitle": "6 - Crie um botão para iniciar/reiniciar o jogo Será verificado que ao clicar no botão, o elemento answer deve voltar ao estado inicial, exibindo o texto \"Escolha uma cor\"",
              "timedOut": null,
              "duration": 532,
              "state": "passed",
              "speed": "slow",
              "pass": true,
              "fail": false,
              "pending": false,
              "context": null,
              "code": "for (var i = 0; i < 5; i += 1) {\n  cy.get('.ball').then(function (balls) {\n    balls[0].click();\n  });\n  cy.get('#reset-game').click();\n  cy.get('#answer').invoke('text').should('match', /Escolha uma cor/);\n}",
              "err": {},
              "uuid": "35dff175-a49d-4b67-9716-2d16dcb8e3af",
              "parentUUID": "2cb53083-d89a-42c4-89de-212e9c6d91d7",
              "isHook": false,
              "skipped": false
            }
          ],
          "suites": [],
          "passes": [
            "66faa2e6-0d13-4036-8156-0686c6ea3548",
            "3289f70c-5b90-44fa-b439-4c813d098d28",
            "35dff175-a49d-4b67-9716-2d16dcb8e3af"
          ],
          "failures": [],
          "pending": [],
          "skipped": [],
          "duration": 1159,
          "root": false,
          "rootEmpty": false,
          "_timeout": 2000
        },
        {
          "uuid": "a1cd5eec-d520-4eab-9aea-0363a4772310",
          "title": "7 - Crie um placar que incremente 3 pontos para cada acerto no jogo",
          "fullFile": "",
          "file": "",
          "beforeHooks": [],
          "afterHooks": [],
          "tests": [
            {
              "title": "Será verificado que o elemento deve ter o **id** `score`.",
              "fullTitle": "7 - Crie um placar que incremente 3 pontos para cada acerto no jogo Será verificado que o elemento deve ter o **id** `score`.",
              "timedOut": null,
              "duration": 76,
              "state": "passed",
              "speed": "slow",
              "pass": true,
              "fail": false,
              "pending": false,
              "context": null,
              "code": "cy.get('#score').should('exist');",
              "err": {},
              "uuid": "68e4b1b3-6227-4fe9-a922-e88713e0c9d9",
              "parentUUID": "a1cd5eec-d520-4eab-9aea-0363a4772310",
              "isHook": false,
              "skipped": false
            },
            {
              "title": "Será verificado que o valor inicial dele deve ser 0.",
              "fullTitle": "7 - Crie um placar que incremente 3 pontos para cada acerto no jogo Será verificado que o valor inicial dele deve ser 0.",
              "timedOut": null,
              "duration": 55,
              "state": "passed",
              "speed": "medium",
              "pass": true,
              "fail": false,
              "pending": false,
              "context": null,
              "code": "expect((0, _actionBase.score)()).to.equal(0);",
              "err": {},
              "uuid": "ad55465e-bc56-480d-bd39-40c3d67f1225",
              "parentUUID": "a1cd5eec-d520-4eab-9aea-0363a4772310",
              "isHook": false,
              "skipped": false
            },
            {
              "title": "Será verificado que a cada acerto, é incrementado 3 pontos ao placar",
              "fullTitle": "7 - Crie um placar que incremente 3 pontos para cada acerto no jogo Será verificado que a cada acerto, é incrementado 3 pontos ao placar",
              "timedOut": null,
              "duration": 155,
              "state": "passed",
              "speed": "slow",
              "pass": true,
              "fail": false,
              "pending": false,
              "context": null,
              "code": "(0, _actionBase.rightBall)().click().should(function () {\n  expect((0, _actionBase.score)()).to.equal(3);\n});",
              "err": {},
              "uuid": "96de5d2d-a66d-4e68-9536-1a86a9c34d14",
              "parentUUID": "a1cd5eec-d520-4eab-9aea-0363a4772310",
              "isHook": false,
              "skipped": false
            },
            {
              "title": "Será verificado que ao clicar no botão reiniciar, o placar NÃO deve ser resetado",
              "fullTitle": "7 - Crie um placar que incremente 3 pontos para cada acerto no jogo Será verificado que ao clicar no botão reiniciar, o placar NÃO deve ser resetado",
              "timedOut": null,
              "duration": 292,
              "state": "passed",
              "speed": "slow",
              "pass": true,
              "fail": false,
              "pending": false,
              "context": null,
              "code": "(0, _actionBase.rightBall)().click();\ncy.get('#reset-game').click().then(function () {\n  (0, _actionBase.rightBall)().click().should(function () {\n    expect((0, _actionBase.score)()).to.equal(6);\n  });\n});",
              "err": {},
              "uuid": "bc74040f-05a1-4c80-aa9f-f18f139534b8",
              "parentUUID": "a1cd5eec-d520-4eab-9aea-0363a4772310",
              "isHook": false,
              "skipped": false
            }
          ],
          "suites": [],
          "passes": [
            "68e4b1b3-6227-4fe9-a922-e88713e0c9d9",
            "ad55465e-bc56-480d-bd39-40c3d67f1225",
            "96de5d2d-a66d-4e68-9536-1a86a9c34d14",
            "bc74040f-05a1-4c80-aa9f-f18f139534b8"
          ],
          "failures": [],
          "pending": [],
          "skipped": [],
          "duration": 578,
          "root": false,
          "rootEmpty": false,
          "_timeout": 2000
        }
      ],
      "passes": [],
      "failures": [],
      "pending": [],
      "skipped": [],
      "duration": 0,
      "root": true,
      "rootEmpty": true,
      "_timeout": 2000
    }
  ],
  "meta": {
    "mocha": {
      "version": "7.0.1"
    },
    "mochawesome": {
      "options": {
        "quiet": false,
        "reportFilename": "mochawesome",
        "saveHtml": false,
        "saveJson": true,
        "consoleReporter": "spec",
        "useInlineDiffs": false
      },
      "version": "4.1.0"
    },
    "marge": {
      "options": {
        "id": "default",
        "reportDir": "cypress/reports",
        "overwrite": true,
        "html": false,
        "json": true
      },
      "version": "4.1.0"
    }
  }
}